       DATA AMOL(8,:) /
     *          3.0000e-04,3.0000e-04,3.0000e-04,3.0000e-04,3.0000e-04,
     *          3.0000e-04,3.0000e-04,3.0000e-04,3.0000e-04,3.0000e-04,
     *          3.0000e-04,3.0000e-04,3.0000e-04,2.9947e-04,2.9688e-04,
     *          2.8818e-04,2.7439e-04,2.5893e-04,2.4518e-04,2.4224e-04,
     *          2.5006e-04,2.6680e-04,2.9279e-04,3.3323e-04,4.0541e-04,
     *          5.6274e-04,1.1589e-03,2.1864e-03,3.8524e-03,6.2477e-03,
     *          8.6646e-03,1.0532e-02,1.1598e-02,1.1795e-02,1.1349e-02,
     *          1.0667e-02,1.0148e-02,1.0100e-02,1.0245e-02,1.1187e-02,
     *          1.5121e-02,2.5611e-02,6.9957e-02,3.0541e-01,1.1317e+00,
     *          2.9374e+00,5.8168e+00,8.6272e+00,1.0000e+01,1.0000e+01/
       DATA AMOL(9,:) /
     *          1.2000e-03,1.0979e-03,9.5292e-04,7.7677e-04,6.1009e-04,
     *          4.9277e-04,4.0752e-04,3.4621e-04,3.0166e-04,2.7121e-04,
     *          2.5067e-04,2.3661e-04,2.2779e-04,2.2390e-04,2.2482e-04,
     *          2.2789e-04,2.3000e-04,2.2082e-04,2.0073e-04,7.8642e-01,
     *          1.0290e+00,1.0290e+00,1.0290e+00,1.0290e+00,1.0290e+00,
     *          1.0290e+00,1.8366e-01,5.5387e-05,5.0101e-05,4.7129e-05,
     *          4.7904e-05,5.2334e-05,6.1419e-05,7.6167e-05,9.8487e-05,
     *          1.2675e-04,1.7367e-04,2.0023e-04,2.0446e-04,1.8011e-04,
     *          1.2475e-04,5.9556e-05,2.2342e-05,7.9649e-06,2.9236e-06,
     *          1.1281e-06,4.4252e-07,1.8548e-07,7.4788e-08,2.6593e-08/
